<?xml version="1.0" encoding="utf-8"?><testsuites name="pytest tests"><testsuite name="pytest" errors="0" failures="1" skipped="1" tests="21" time="18.619" timestamp="2026-06-21T12:26:40.218506+00:00" hostname="agent-env-2ffafdf9-3164-4b2e-b077-56559f9dfd0b"><testcase classname="backend.tests.test_school_app" name="test_health" time="0.252" /><testcase classname="backend.tests.test_school_app" name="test_list_schools" time="0.043" /><testcase classname="backend.tests.test_school_app.TestAuth" name="test_login_valid" time="0.044" /><testcase classname="backend.tests.test_school_app.TestAuth" name="test_login_wrong_password" time="0.044" /><testcase classname="backend.tests.test_school_app.TestAuth" name="test_login_unknown_school" time="0.044" /><testcase classname="backend.tests.test_school_app.TestAuth" name="test_login_unknown_student" time="0.040" /><testcase classname="backend.tests.test_school_app.TestStudentData" name="test_student" time="0.045" /><testcase classname="backend.tests.test_school_app.TestStudentData" name="test_homework" time="0.043" /><testcase classname="backend.tests.test_school_app.TestStudentData" name="test_timetable" time="0.043" /><testcase classname="backend.tests.test_school_app.TestStudentData" name="test_exams" time="0.043" /><testcase classname="backend.tests.test_school_app.TestStudentData" name="test_announcements" time="0.041" /><testcase classname="backend.tests.test_school_app.TestFees" name="test_fees_summary" time="0.041" /><testcase classname="backend.tests.test_school_app.TestFees" name="test_pay_fee_updates_status" time="0.042"><skipped type="pytest.skip" message="No due fee to pay">/app/backend/tests/test_school_app.py:136: No due fee to pay</skipped></testcase><testcase classname="backend.tests.test_school_app.TestFees" name="test_pay_fee_not_found" time="0.041" /><testcase classname="backend.tests.test_school_app.TestBus" name="test_bus_simulation_moves" time="0.284" /><testcase classname="backend.tests.test_school_app.TestAttendance" name="test_attendance" time="0.045" /><testcase classname="backend.tests.test_school_app.TestAttendance" name="test_leaves_get" time="0.046" /><testcase classname="backend.tests.test_school_app.TestAttendance" name="test_leave_create_and_verify" time="0.166" /><testcase classname="backend.tests.test_school_app" name="test_reminders" time="0.043" /><testcase classname="backend.tests.test_school_app.TestAI" name="test_ai_chat_sync_and_history" time="17.048" /><testcase classname="backend.tests.test_school_app" name="test_register_push_does_not_crash" time="0.087"><failure message="AssertionError: Unexpected: 500 {&quot;detail&quot;:&quot;EMERGENT_PUSH_KEY missing or invalid&quot;}&#10;assert 500 in (200, 201)&#10; +  where 500 = &lt;Response [500]&gt;.status_code">E   AssertionError: Unexpected: 500 {"detail":"EMERGENT_PUSH_KEY missing or invalid"}
    assert 500 in (200, 201)
     +  where 500 = &lt;Response [500]&gt;.status_code</failure></testcase></testsuite></testsuites>